Copyright 1986-2022 Xilinx, Inc. All Rights Reserved.
-----------------------------------------------------------------------------------------------------------------------------------------------------------------------------------------------------------
| Tool Version : Vivado v.2022.1 (lin64) Build 3526262 Mon Apr 18 15:47:01 MDT 2022
| Date         : Sat Sep 20 02:36:16 2025
| Host         : T480 running 64-bit Ubuntu 18.04.6 LTS
| Command      : report_methodology -file top_nexys_a7_prime_7seg_methodology_drc_routed.rpt -pb top_nexys_a7_prime_7seg_methodology_drc_routed.pb -rpx top_nexys_a7_prime_7seg_methodology_drc_routed.rpx
| Design       : top_nexys_a7_prime_7seg
| Device       : xc7a100tcsg324-1
| Speed File   : -1
| Design State : Fully Routed
-----------------------------------------------------------------------------------------------------------------------------------------------------------------------------------------------------------

Report Methodology

Table of Contents
-----------------
1. REPORT SUMMARY
2. REPORT DETAILS

1. REPORT SUMMARY
-----------------
            Netlist: netlist
          Floorplan: design_1
      Design limits: <entire design considered>
             Max violations: <unlimited>
             Violations found: 4
+----------+----------+-----------------+------------+
| Rule     | Severity | Description     | Violations |
+----------+----------+-----------------+------------+
| SYNTH-10 | Warning  | Wide multiplier | 4          |
+----------+----------+-----------------+------------+

2. REPORT DETAILS
-----------------
SYNTH-10#1 Warning
Wide multiplier  
Detected multiplier at pf/d_sq of size 11x18, it is decomposed from a wide multipler into 4 DSP blocks.
Related violations: <none>

SYNTH-10#2 Warning
Wide multiplier  
Detected multiplier at pf/d_sq__0 of size 11x11, it is decomposed from a wide multipler into 4 DSP blocks.
Related violations: <none>

SYNTH-10#3 Warning
Wide multiplier  
Detected multiplier at pf/d_sq__1 of size 18x18, it is decomposed from a wide multipler into 4 DSP blocks.
Related violations: <none>

SYNTH-10#4 Warning
Wide multiplier  
Detected multiplier at pf/d_sq__2 of size 18x11, it is decomposed from a wide multipler into 4 DSP blocks.
Related violations: <none>


