Copyright 1986-2022 Xilinx, Inc. All Rights Reserved.
---------------------------------------------------------------------------------------------------------------------------------------------------------------------------
| Tool Version : Vivado v.2022.1 (lin64) Build 3526262 Mon Apr 18 15:47:01 MDT 2022
| Date         : Sat Sep 27 21:42:41 2025
| Host         : T480 running 64-bit Ubuntu 18.04.6 LTS
| Command      : report_drc -file top_nexys_a7_rtc_vga_bounce_drc_routed.rpt -pb top_nexys_a7_rtc_vga_bounce_drc_routed.pb -rpx top_nexys_a7_rtc_vga_bounce_drc_routed.rpx
| Design       : top_nexys_a7_rtc_vga_bounce
| Device       : xc7a100tcsg324-1
| Speed File   : -1
| Design State : Fully Routed
---------------------------------------------------------------------------------------------------------------------------------------------------------------------------

Report DRC

Table of Contents
-----------------
1. REPORT SUMMARY
2. REPORT DETAILS

1. REPORT SUMMARY
-----------------
            Netlist: netlist
          Floorplan: design_1
      Design limits: <entire design considered>
           Ruledeck: default
             Max violations: <unlimited>
             Violations found: 0
+------+----------+-------------+------------+
| Rule | Severity | Description | Violations |
+------+----------+-------------+------------+
+------+----------+-------------+------------+

2. REPORT DETAILS
-----------------

